sample-app/build/intermediates/manifest_merge_blame_file/debug/manifest-merger-blame-debug-report.txt
1<?xml version="1.0" encoding="utf-8"?>
2<manifest xmlns:android="http://schemas.android.com/apk/res/android"
3    package="com.sohrab.obd.reader"
4    android:versionCode="1"
5    android:versionName="1.0" >
6
7    <uses-sdk
8        android:minSdkVersion="15"
8-->src\main\AndroidManifest.xml
9        android:targetSdkVersion="26" />
9-->src\main\AndroidManifest.xml
10
11    <uses-permission android:name="android.permission.ACCESS_NETWORK_STATE" />
11-->src\main\AndroidManifest.xml:5:5-79
11-->src\main\AndroidManifest.xml:5:22-76
12    <uses-permission android:name="android.permission.WRITE_EXTERNAL_STORAGE" />
12-->src\main\AndroidManifest.xml:6:5-81
12-->src\main\AndroidManifest.xml:6:22-78
13    <uses-permission android:name="android.permission.BLUETOOTH" />
13-->src\main\AndroidManifest.xml:7:5-68
13-->src\main\AndroidManifest.xml:7:22-65
14    <uses-permission android:name="android.permission.BLUETOOTH_ADMIN" />
14-->src\main\AndroidManifest.xml:8:5-74
14-->src\main\AndroidManifest.xml:8:22-71
15    <uses-permission android:name="android.permission.INTERNET" />
15-->src\main\AndroidManifest.xml:9:5-67
15-->src\main\AndroidManifest.xml:9:22-64
16    <uses-permission android:name="android.permission.WAKE_LOCK" />
16-->src\main\AndroidManifest.xml:10:5-68
16-->src\main\AndroidManifest.xml:10:22-65
17    <uses-permission android:name="android.permission.ACCESS_FINE_LOCATION" />
17-->src\main\AndroidManifest.xml:11:5-79
17-->src\main\AndroidManifest.xml:11:22-76
18    <uses-permission
18-->src\main\AndroidManifest.xml:12:5-81
19        android:name="android.permission.ACCESS_COARSE_LOCATION"
19-->src\main\AndroidManifest.xml:12:22-78
20        android:maxSdkVersion="22" />
20-->[:obd-reader] AndroidManifest.xml:13:9-35
21    <uses-permission android:name="android.permission.ACCESS_LOCATION_EXTRA_COMMANDS" />
21-->src\main\AndroidManifest.xml:13:5-89
21-->src\main\AndroidManifest.xml:13:22-86
22    <uses-permission android:name="android.permission.REQUEST_IGNORE_BATTERY_OPTIMIZATIONS" />
22-->src\main\AndroidManifest.xml:14:5-95
22-->src\main\AndroidManifest.xml:14:22-92
23
24    <supports-screens
24-->src\main\AndroidManifest.xml:16:5-20:40
25        android:largeScreens="true"
25-->src\main\AndroidManifest.xml:17:9-36
26        android:normalScreens="true"
26-->src\main\AndroidManifest.xml:18:9-37
27        android:smallScreens="true"
27-->src\main\AndroidManifest.xml:19:9-36
28        android:xlargeScreens="true" />
28-->src\main\AndroidManifest.xml:20:9-37
29
30    <uses-feature
30-->[com.google.android.gms:play-services-maps:16.0.0] AndroidManifest.xml:26:5-28:35
31        android:glEsVersion="0x00020000"
31-->[com.google.android.gms:play-services-maps:16.0.0] AndroidManifest.xml:27:9-41
32        android:required="true" />
32-->[com.google.android.gms:play-services-maps:16.0.0] AndroidManifest.xml:28:9-32
33
34    <application
34-->src\main\AndroidManifest.xml:22:5-103:19
35        android:allowBackup="true"
35-->src\main\AndroidManifest.xml:23:9-35
36        android:debuggable="true"
37        android:icon="@drawable/carlogo"
37-->src\main\AndroidManifest.xml:24:9-41
38        android:label="@string/app_name"
38-->src\main\AndroidManifest.xml:25:9-41
39        android:roundIcon="@drawable/carlogo"
39-->src\main\AndroidManifest.xml:26:9-46
40        android:supportsRtl="true"
40-->src\main\AndroidManifest.xml:27:9-35
41        android:testOnly="true"
42        android:theme="@style/AppTheme" >
42-->src\main\AndroidManifest.xml:28:9-40
43        <activity android:name="com.sohrab.obd.reader.Aboutus" />
43-->src\main\AndroidManifest.xml:29:9-54
43-->src\main\AndroidManifest.xml:29:19-42
44        <activity android:name="com.sohrab.obd.reader.LiveTrip" />
44-->src\main\AndroidManifest.xml:30:9-46
44-->src\main\AndroidManifest.xml:30:19-43
45        <activity android:name="com.sohrab.obd.reader.ListTripVin" />
45-->src\main\AndroidManifest.xml:31:9-49
45-->src\main\AndroidManifest.xml:31:19-46
46        <activity android:name="com.sohrab.obd.reader.CarList" />
46-->src\main\AndroidManifest.xml:32:9-45
46-->src\main\AndroidManifest.xml:32:19-42
47        <activity android:name="com.sohrab.obd.reader.login" />
47-->src\main\AndroidManifest.xml:33:9-43
47-->src\main\AndroidManifest.xml:33:19-40
48        <activity
48-->src\main\AndroidManifest.xml:34:9-36:52
49            android:name="com.sohrab.obd.reader.Dashboard"
49-->src\main\AndroidManifest.xml:35:13-38
50            android:screenOrientation="portrait" />
50-->src\main\AndroidManifest.xml:36:13-49
51        <activity
51-->src\main\AndroidManifest.xml:37:9-39:52
52            android:name="com.sohrab.obd.reader.TripList"
52-->src\main\AndroidManifest.xml:38:13-37
53            android:screenOrientation="portrait" />
53-->src\main\AndroidManifest.xml:39:13-49
54        <activity
54-->src\main\AndroidManifest.xml:40:9-42:52
55            android:name="com.sohrab.obd.reader.LocationSearch"
55-->src\main\AndroidManifest.xml:41:13-43
56            android:screenOrientation="portrait" />
56-->src\main\AndroidManifest.xml:42:13-49
57        <activity
57-->src\main\AndroidManifest.xml:43:9-45:52
58            android:name="com.sohrab.obd.reader.Parametres"
58-->src\main\AndroidManifest.xml:44:13-39
59            android:screenOrientation="portrait" />
59-->src\main\AndroidManifest.xml:45:13-49
60
61        <meta-data
61-->src\main\AndroidManifest.xml:47:9-49:47
62            android:name="com.google.android.geo.API_KEY"
62-->src\main\AndroidManifest.xml:48:13-58
63            android:value="@string/map_key" />
63-->src\main\AndroidManifest.xml:49:13-44
64
65        <activity
65-->src\main\AndroidManifest.xml:51:9-53:52
66            android:name="com.sohrab.obd.reader.Location"
66-->src\main\AndroidManifest.xml:52:13-37
67            android:screenOrientation="portrait" />
67-->src\main\AndroidManifest.xml:53:13-49
68        <activity
68-->src\main\AndroidManifest.xml:54:9-56:52
69            android:name="com.sohrab.obd.reader.result"
69-->src\main\AndroidManifest.xml:55:13-35
70            android:screenOrientation="portrait" />
70-->src\main\AndroidManifest.xml:56:13-49
71        <activity
71-->src\main\AndroidManifest.xml:57:9-59:52
72            android:name="com.sohrab.obd.reader.update"
72-->src\main\AndroidManifest.xml:58:13-35
73            android:screenOrientation="portrait" />
73-->src\main\AndroidManifest.xml:59:13-49
74        <activity
74-->src\main\AndroidManifest.xml:60:9-62:52
75            android:name="com.sohrab.obd.reader.receive"
75-->src\main\AndroidManifest.xml:61:13-36
76            android:screenOrientation="portrait" />
76-->src\main\AndroidManifest.xml:62:13-49
77        <activity
77-->src\main\AndroidManifest.xml:63:9-65:52
78            android:name="com.sohrab.obd.reader.DriveWin"
78-->src\main\AndroidManifest.xml:64:13-37
79            android:screenOrientation="portrait" />
79-->src\main\AndroidManifest.xml:65:13-49
80        <activity
80-->src\main\AndroidManifest.xml:66:9-68:52
81            android:name="com.sohrab.obd.reader.SampleActivity"
81-->src\main\AndroidManifest.xml:67:13-43
82            android:screenOrientation="portrait" />
82-->src\main\AndroidManifest.xml:68:13-49
83        <activity
83-->src\main\AndroidManifest.xml:69:9-77:20
84            android:name="com.sohrab.obd.reader.Main2Activity"
84-->src\main\AndroidManifest.xml:70:13-42
85            android:screenOrientation="portrait" >
85-->src\main\AndroidManifest.xml:71:13-49
86            <intent-filter>
86-->src\main\AndroidManifest.xml:72:13-76:29
87                <action android:name="android.intent.action.MAIN" />
87-->src\main\AndroidManifest.xml:73:17-69
87-->src\main\AndroidManifest.xml:73:25-66
88
89                <category android:name="android.intent.category.LAUNCHER" />
89-->src\main\AndroidManifest.xml:75:17-77
89-->src\main\AndroidManifest.xml:75:27-74
90            </intent-filter>
91        </activity>
92
93        <service
93-->src\main\AndroidManifest.xml:79:9-81:38
94            android:name="com.sohrab.obd.reader.ObdReaderService"
94-->src\main\AndroidManifest.xml:80:13-45
95            android:enabled="true" />
95-->src\main\AndroidManifest.xml:81:13-35
96        <service
96-->src\main\AndroidManifest.xml:82:9-84:38
97            android:name="com.sohrab.obd.reader.GPS_Service"
97-->src\main\AndroidManifest.xml:83:13-40
98            android:enabled="true" />
98-->src\main\AndroidManifest.xml:84:13-35
99        <service
99-->src\main\AndroidManifest.xml:85:9-95:19
100            android:name="com.sohrab.obd.reader.CustomAccessibilityService"
100-->src\main\AndroidManifest.xml:86:13-55
101            android:permission="android.permission.BIND_ACCESSIBILITY_SERVICE" >
101-->src\main\AndroidManifest.xml:87:13-79
102            <intent-filter>
102-->src\main\AndroidManifest.xml:88:13-90:29
103                <action android:name="android.accessibilityservice.AccessibilityService" />
103-->src\main\AndroidManifest.xml:89:17-92
103-->src\main\AndroidManifest.xml:89:25-89
104            </intent-filter>
105
106            <meta-data
106-->src\main\AndroidManifest.xml:92:13-94:64
107                android:name="android.accessibilityservice"
107-->src\main\AndroidManifest.xml:93:17-60
108                android:resource="@xml/accessibilityservice" />
108-->src\main\AndroidManifest.xml:94:17-61
109        </service>
110
111        <receiver
111-->src\main\AndroidManifest.xml:97:9-101:57
112            android:name="com.sohrab.obd.reader.SensorRestarterBroadcastReceiver"
112-->src\main\AndroidManifest.xml:98:13-61
113            android:enabled="true"
113-->src\main\AndroidManifest.xml:99:13-35
114            android:exported="true"
114-->src\main\AndroidManifest.xml:100:13-36
115            android:label="RestartServiceWhenStopped" />
115-->src\main\AndroidManifest.xml:101:13-54
116        <receiver android:name="com.sohrab.obd.reader.NotificationRceiver" />
116-->src\main\AndroidManifest.xml:102:9-57
116-->src\main\AndroidManifest.xml:102:19-54
117
118        <meta-data
118-->[com.android.support:design:26.1.0] AndroidManifest.xml:26:9-28:38
119            android:name="android.support.VERSION"
119-->[com.android.support:design:26.1.0] AndroidManifest.xml:27:13-51
120            android:value="26.1.0" />
120-->[com.android.support:design:26.1.0] AndroidManifest.xml:28:13-35
121
122        <activity
122-->[com.google.android.gms:play-services-base:16.0.1] AndroidManifest.xml:23:9-26:75
123            android:name="com.google.android.gms.common.api.GoogleApiActivity"
123-->[com.google.android.gms:play-services-base:16.0.1] AndroidManifest.xml:24:13-79
124            android:exported="false"
124-->[com.google.android.gms:play-services-base:16.0.1] AndroidManifest.xml:25:13-37
125            android:theme="@android:style/Theme.Translucent.NoTitleBar" />
125-->[com.google.android.gms:play-services-base:16.0.1] AndroidManifest.xml:26:13-72
126
127        <meta-data
127-->[com.google.android.gms:play-services-basement:16.0.1] AndroidManifest.xml:23:9-25:69
128            android:name="com.google.android.gms.version"
128-->[com.google.android.gms:play-services-basement:16.0.1] AndroidManifest.xml:24:13-58
129            android:value="@integer/google_play_services_version" />
129-->[com.google.android.gms:play-services-basement:16.0.1] AndroidManifest.xml:25:13-66
130        <meta-data
130-->[android.arch.lifecycle:runtime:1.0.0] AndroidManifest.xml:25:9-27:47
131            android:name="android.arch.lifecycle.VERSION"
131-->[android.arch.lifecycle:runtime:1.0.0] AndroidManifest.xml:26:13-58
132            android:value="27.0.0-SNAPSHOT" />
132-->[android.arch.lifecycle:runtime:1.0.0] AndroidManifest.xml:27:13-44
133    </application>
134
135</manifest>